<?xml version="1.0" encoding="UTF-8"?>
<testsuite name="com.crio.dockerapp.DockerappApplicationTests" tests="1" skipped="0" failures="0" errors="0" timestamp="2020-10-18T17:26:11" hostname="RAZIS-LAPTOP1" time="1.739">
  <properties/>
  <testcase name="contextLoads()" classname="com.crio.dockerapp.DockerappApplicationTests" time="1.739"/>
  <system-out><![CDATA[22:56:08.313 [Test worker] DEBUG org.springframework.test.context.BootstrapUtils - Instantiating CacheAwareContextLoaderDelegate from class [org.springframework.test.context.cache.DefaultCacheAwareContextLoaderDelegate]
22:56:08.334 [Test worker] DEBUG org.springframework.test.context.BootstrapUtils - Instantiating BootstrapContext using constructor [public org.springframework.test.context.support.DefaultBootstrapContext(java.lang.Class,org.springframework.test.context.CacheAwareContextLoaderDelegate)]
22:56:08.375 [Test worker] DEBUG org.springframework.test.context.BootstrapUtils - Instantiating TestContextBootstrapper for test class [com.crio.dockerapp.DockerappApplicationTests] from class [org.springframework.boot.test.context.SpringBootTestContextBootstrapper]
22:56:08.458 [Test worker] INFO org.springframework.boot.test.context.SpringBootTestContextBootstrapper - Neither @ContextConfiguration nor @ContextHierarchy found for test class [com.crio.dockerapp.DockerappApplicationTests], using SpringBootContextLoader
22:56:08.464 [Test worker] DEBUG org.springframework.test.context.support.AbstractContextLoader - Did not detect default resource location for test class [com.crio.dockerapp.DockerappApplicationTests]: class path resource [com/crio/dockerapp/DockerappApplicationTests-context.xml] does not exist
22:56:08.465 [Test worker] DEBUG org.springframework.test.context.support.AbstractContextLoader - Did not detect default resource location for test class [com.crio.dockerapp.DockerappApplicationTests]: class path resource [com/crio/dockerapp/DockerappApplicationTestsContext.groovy] does not exist
22:56:08.465 [Test worker] INFO org.springframework.test.context.support.AbstractContextLoader - Could not detect default resource locations for test class [com.crio.dockerapp.DockerappApplicationTests]: no resource found for suffixes {-context.xml, Context.groovy}.
22:56:08.466 [Test worker] INFO org.springframework.test.context.support.AnnotationConfigContextLoaderUtils - Could not detect default configuration classes for test class [com.crio.dockerapp.DockerappApplicationTests]: DockerappApplicationTests does not declare any static, non-private, non-final, nested classes annotated with @Configuration.
22:56:08.637 [Test worker] DEBUG org.springframework.test.context.support.ActiveProfilesUtils - Could not find an 'annotation declaring class' for annotation type [org.springframework.test.context.ActiveProfiles] and class [com.crio.dockerapp.DockerappApplicationTests]
22:56:08.746 [Test worker] DEBUG org.springframework.context.annotation.ClassPathScanningCandidateComponentProvider - Identified candidate component class: file [C:\Users\raziu\Downloads\dockerapp\dockerapp\build\classes\java\main\com\crio\dockerapp\DockerappApplication.class]
22:56:08.748 [Test worker] INFO org.springframework.boot.test.context.SpringBootTestContextBootstrapper - Found @SpringBootConfiguration com.crio.dockerapp.DockerappApplication for test class com.crio.dockerapp.DockerappApplicationTests
22:56:08.903 [Test worker] DEBUG org.springframework.boot.test.context.SpringBootTestContextBootstrapper - @TestExecutionListeners is not present for class [com.crio.dockerapp.DockerappApplicationTests]: using defaults.
22:56:08.904 [Test worker] INFO org.springframework.boot.test.context.SpringBootTestContextBootstrapper - Loaded default TestExecutionListener class names from location [META-INF/spring.factories]: [org.springframework.boot.test.autoconfigure.restdocs.RestDocsTestExecutionListener, org.springframework.boot.test.autoconfigure.web.client.MockRestServiceServerResetTestExecutionListener, org.springframework.boot.test.autoconfigure.web.servlet.MockMvcPrintOnlyOnFailureTestExecutionListener, org.springframework.boot.test.autoconfigure.web.servlet.WebDriverTestExecutionListener, org.springframework.boot.test.mock.mockito.MockitoTestExecutionListener, org.springframework.boot.test.mock.mockito.ResetMocksTestExecutionListener, org.springframework.test.context.web.ServletTestExecutionListener, org.springframework.test.context.support.DirtiesContextBeforeModesTestExecutionListener, org.springframework.test.context.support.DependencyInjectionTestExecutionListener, org.springframework.test.context.support.DirtiesContextTestExecutionListener, org.springframework.test.context.transaction.TransactionalTestExecutionListener, org.springframework.test.context.jdbc.SqlScriptsTestExecutionListener, org.springframework.test.context.event.EventPublishingTestExecutionListener]
22:56:08.995 [Test worker] DEBUG org.springframework.boot.test.context.SpringBootTestContextBootstrapper - Skipping candidate TestExecutionListener [org.springframework.test.context.transaction.TransactionalTestExecutionListener] due to a missing dependency. Specify custom listener classes or make the default listener classes and their required dependencies available. Offending class: [org/springframework/transaction/interceptor/TransactionAttributeSource]
22:56:08.996 [Test worker] DEBUG org.springframework.boot.test.context.SpringBootTestContextBootstrapper - Skipping candidate TestExecutionListener [org.springframework.test.context.jdbc.SqlScriptsTestExecutionListener] due to a missing dependency. Specify custom listener classes or make the default listener classes and their required dependencies available. Offending class: [org/springframework/transaction/interceptor/TransactionAttribute]
22:56:08.997 [Test worker] INFO org.springframework.boot.test.context.SpringBootTestContextBootstrapper - Using TestExecutionListeners: [org.springframework.test.context.web.ServletTestExecutionListener@279da923, org.springframework.test.context.support.DirtiesContextBeforeModesTestExecutionListener@1f2544fd, org.springframework.boot.test.mock.mockito.MockitoTestExecutionListener@393de432, org.springframework.boot.test.autoconfigure.SpringBootDependencyInjectionTestExecutionListener@3638f460, org.springframework.test.context.support.DirtiesContextTestExecutionListener@7ca68735, org.springframework.test.context.event.EventPublishingTestExecutionListener@499136f0, org.springframework.boot.test.autoconfigure.restdocs.RestDocsTestExecutionListener@1f5b4784, org.springframework.boot.test.autoconfigure.web.client.MockRestServiceServerResetTestExecutionListener@6eb12bfb, org.springframework.boot.test.autoconfigure.web.servlet.MockMvcPrintOnlyOnFailureTestExecutionListener@26e69637, org.springframework.boot.test.autoconfigure.web.servlet.WebDriverTestExecutionListener@668012ad, org.springframework.boot.test.mock.mockito.ResetMocksTestExecutionListener@23220e9e]
22:56:09.002 [Test worker] DEBUG org.springframework.test.context.support.AbstractDirtiesContextTestExecutionListener - Before test class: context [DefaultTestContext@33255e2 testClass = DockerappApplicationTests, testInstance = [null], testMethod = [null], testException = [null], mergedContextConfiguration = [WebMergedContextConfiguration@64c2ad6f testClass = DockerappApplicationTests, locations = '{}', classes = '{class com.crio.dockerapp.DockerappApplication}', contextInitializerClasses = '[]', activeProfiles = '{}', propertySourceLocations = '{}', propertySourceProperties = '{org.springframework.boot.test.context.SpringBootTestContextBootstrapper=true}', contextCustomizers = set[org.springframework.boot.test.autoconfigure.properties.PropertyMappingContextCustomizer@0, org.springframework.boot.test.autoconfigure.web.servlet.WebDriverContextCustomizerFactory$Customizer@520d7455, org.springframework.boot.test.context.filter.ExcludeFilterContextCustomizer@362f58c, org.springframework.boot.test.json.DuplicateJsonObjectContextCustomizerFactory$DuplicateJsonObjectContextCustomizer@6f53167b, org.springframework.boot.test.mock.mockito.MockitoContextCustomizer@0, org.springframework.boot.test.web.client.TestRestTemplateContextCustomizer@13bb54f1, org.springframework.boot.test.context.SpringBootTestArgs@1], resourceBasePath = 'src/main/webapp', contextLoader = 'org.springframework.boot.test.context.SpringBootContextLoader', parent = [null]], attributes = map['org.springframework.test.context.web.ServletTestExecutionListener.activateListener' -> true]], class annotated with @DirtiesContext [false] with mode [null].
22:56:09.045 [Test worker] DEBUG org.springframework.test.context.support.TestPropertySourceUtils - Adding inlined properties to environment: {spring.jmx.enabled=false, org.springframework.boot.test.context.SpringBootTestContextBootstrapper=true, server.port=-1}

  .   ____          _            __ _ _
 /\\ / ___'_ __ _ _(_)_ __  __ _ \ \ \ \
( ( )\___ | '_ | '_| | '_ \/ _` | \ \ \ \
 \\/  ___)| |_)| | | | | || (_| |  ) ) ) )
  '  |____| .__|_| |_|_| |_\__, | / / / /
 =========|_|==============|___/=/_/_/_/
 :: Spring Boot ::       (v2.2.10.RELEASE)

2020-10-18 22:56:09.485  INFO 19012 --- [    Test worker] c.c.dockerapp.DockerappApplicationTests  : Starting DockerappApplicationTests on Razis-Laptop1 with PID 19012 (started by raziu in C:\Users\raziu\Downloads\dockerapp\dockerapp)
2020-10-18 22:56:09.487  INFO 19012 --- [    Test worker] c.c.dockerapp.DockerappApplicationTests  : No active profile set, falling back to default profiles: default
2020-10-18 22:56:11.145  INFO 19012 --- [    Test worker] o.s.s.concurrent.ThreadPoolTaskExecutor  : Initializing ExecutorService 'applicationTaskExecutor'
2020-10-18 22:56:11.519  INFO 19012 --- [    Test worker] c.c.dockerapp.DockerappApplicationTests  : Started DockerappApplicationTests in 2.45 seconds (JVM running for 5.661)
]]></system-out>
  <system-err><![CDATA[]]></system-err>
</testsuite>
